<?xml version="1.0" encoding="utf-8"?><testsuites><testsuite name="pytest" errors="0" failures="0" skipped="0" tests="27" time="16.257" timestamp="2022-04-16T22:25:54.687348" hostname="LOCAL"><testcase classname="tests.functional.test_auth" name="test_successful_login" time="0.614" /><testcase classname="tests.functional.test_auth" name="test_login_without_body" time="0.179" /><testcase classname="tests.functional.test_auth" name="test_login_without_user_or_password" time="0.139" /><testcase classname="tests.functional.test_todos" name="test_todos_without_auth" time="0.145" /><testcase classname="tests.functional.test_todos" name="test_successful_get_todos" time="0.643" /><testcase classname="tests.functional.test_todos" name="test_successful_get_todos_limited" time="0.640" /><testcase classname="tests.functional.test_users" name="test_successful_user_registration" time="0.328" /><testcase classname="tests.functional.test_users" name="test_user_registration_without_body" time="0.158" /><testcase classname="tests.functional.test_users" name="test_user_already_exists" time="0.189" /><testcase classname="tests.functional.test_users" name="test_user_without_user_or_password" time="0.460" /><testcase classname="tests.unit.test_json" name="test_json_load" time="0.003" /><testcase classname="tests.unit.test_json" name="test_json_load_bad_format" time="0.001" /><testcase classname="tests.unit.test_serializers" name="test_serializer" time="0.002" /><testcase classname="tests.unit.test_serializers" name="test_serializer_missing_required_keys" time="0.002" /><testcase classname="tests.unit.test_serializers" name="test_serializer_with_unexpected_format" time="0.002" /><testcase classname="tests.unit.test_serializers" name="test_serializer_add_new_required_key" time="0.001" /><testcase classname="tests.unit.test_todos" name="test_source_todos" time="0.243" /><testcase classname="tests.unit.test_todos" name="test_source_todos_with_invalid_url" time="0.199" /><testcase classname="tests.unit.test_todos" name="test_source_todos_with_unreachable_host" time="9.020" /><testcase classname="tests.unit.test_todos" name="test_source_todos_with_valid_limit[1]" time="0.245" /><testcase classname="tests.unit.test_todos" name="test_source_todos_with_valid_limit[2]" time="0.263" /><testcase classname="tests.unit.test_todos" name="test_source_todos_with_invalid_limit[a]" time="0.243" /><testcase classname="tests.unit.test_todos" name="test_source_todos_with_invalid_limit[b]" time="0.232" /><testcase classname="tests.unit.test_token" name="test_encoding_and_decoding_token" time="0.001" /><testcase classname="tests.unit.test_token" name="test_method_is_bearer_token[Bearer eyJ0eXAiOiJKV1QiLCJhbGciOiJIUzI1NiJ9-True]" time="0.001" /><testcase classname="tests.unit.test_token" name="test_method_is_bearer_token[eyJ0eXAiOiJKV1QiLCJhbGciOiJIUzI1NiJ9-False]" time="0.002" /><testcase classname="tests.unit.test_token" name="test_token_expiration_time" time="2.017" /></testsuite></testsuites>